<?xml version="1.0" encoding="UTF-8"?>
<coverage generated="1687583067765" clover="3.2.0">
  <project timestamp="1687583067765" name="All files">
    <metrics statements="20" coveredstatements="20" conditionals="0" coveredconditionals="0" methods="5" coveredmethods="5" elements="25" coveredelements="25" complexity="0" loc="20" ncloc="20" packages="1" files="1" classes="1"/>
    <file name="solarAge.js" path="/Users/alejandrael-dasouki/epicodus/week5/age-calculator/src/solarAge.js">
      <metrics statements="20" coveredstatements="20" conditionals="0" coveredconditionals="0" methods="5" coveredmethods="5"/>
      <line num="3" count="6" type="stmt"/>
      <line num="4" count="6" type="stmt"/>
      <line num="14" count="4" type="stmt"/>
      <line num="15" count="4" type="stmt"/>
      <line num="16" count="4" type="stmt"/>
      <line num="20" count="1" type="stmt"/>
      <line num="21" count="1" type="stmt"/>
      <line num="22" count="1" type="stmt"/>
      <line num="23" count="1" type="stmt"/>
      <line num="24" count="1" type="stmt"/>
      <line num="26" count="1" type="stmt"/>
      <line num="35" count="8" type="stmt"/>
      <line num="36" count="8" type="stmt"/>
      <line num="40" count="1" type="stmt"/>
      <line num="41" count="1" type="stmt"/>
      <line num="42" count="1" type="stmt"/>
      <line num="43" count="1" type="stmt"/>
      <line num="44" count="1" type="stmt"/>
      <line num="46" count="1" type="stmt"/>
      <line num="56" count="1" type="stmt"/>
    </file>
  </project>
</coverage>
