{"/Users/alejandrael-dasouki/epicodus/week5/age-calculator/src/solarAge.js": {"path":"/Users/alejandrael-dasouki/epicodus/week5/age-calculator/src/solarAge.js","statementMap":{"0":{"start":{"line":3,"column":4},"end":{"line":3,"column":29}},"1":{"start":{"line":4,"column":4},"end":{"line":10,"column":6}},"2":{"start":{"line":14,"column":28},"end":{"line":14,"column":56}},"3":{"start":{"line":15,"column":29},"end":{"line":15,"column":60}},"4":{"start":{"line":16,"column":4},"end":{"line":16,"column":28}},"5":{"start":{"line":20,"column":24},"end":{"line":20,"column":55}},"6":{"start":{"line":21,"column":25},"end":{"line":21,"column":69}},"7":{"start":{"line":22,"column":23},"end":{"line":22,"column":67}},"8":{"start":{"line":23,"column":22},"end":{"line":23,"column":66}},"9":{"start":{"line":24,"column":25},"end":{"line":24,"column":70}},"10":{"start":{"line":26,"column":4},"end":{"line":32,"column":6}},"11":{"start":{"line":35,"column":23},"end":{"line":35,"column":38}},"12":{"start":{"line":36,"column":4},"end":{"line":36,"column":55}},"13":{"start":{"line":40,"column":27},"end":{"line":40,"column":60}},"14":{"start":{"line":41,"column":25},"end":{"line":41,"column":72}},"15":{"start":{"line":42,"column":23},"end":{"line":42,"column":70}},"16":{"start":{"line":43,"column":22},"end":{"line":43,"column":69}},"17":{"start":{"line":44,"column":25},"end":{"line":44,"column":73}},"18":{"start":{"line":46,"column":4},"end":{"line":52,"column":6}},"19":{"start":{"line":56,"column":0},"end":{"line":56,"column":36}}},"fnMap":{"0":{"name":"(anonymous_0)","decl":{"start":{"line":2,"column":2},"end":{"line":2,"column":3}},"loc":{"start":{"line":2,"column":24},"end":{"line":11,"column":3}},"line":2},"1":{"name":"(anonymous_1)","decl":{"start":{"line":13,"column":2},"end":{"line":13,"column":3}},"loc":{"start":{"line":13,"column":30},"end":{"line":17,"column":3}},"line":13},"2":{"name":"(anonymous_2)","decl":{"start":{"line":19,"column":2},"end":{"line":19,"column":3}},"loc":{"start":{"line":19,"column":34},"end":{"line":33,"column":3}},"line":19},"3":{"name":"(anonymous_3)","decl":{"start":{"line":34,"column":2},"end":{"line":34,"column":3}},"loc":{"start":{"line":34,"column":37},"end":{"line":37,"column":3}},"line":34},"4":{"name":"(anonymous_4)","decl":{"start":{"line":39,"column":2},"end":{"line":39,"column":3}},"loc":{"start":{"line":39,"column":39},"end":{"line":53,"column":3}},"line":39}},"branchMap":{},"s":{"0":6,"1":6,"2":4,"3":4,"4":4,"5":1,"6":1,"7":1,"8":1,"9":1,"10":1,"11":8,"12":8,"13":1,"14":1,"15":1,"16":1,"17":1,"18":1,"19":1},"f":{"0":6,"1":4,"2":1,"3":8,"4":1},"b":{},"_coverageSchema":"43e27e138ebf9cfc5966b082cf9a028302ed4184","hash":"8fad086b0dd55ab53c772f4567b0559b3340853e"}
}
